<?xml version="1.0" encoding="UTF-8"?>
<!-- Generated by org.testng.reporters.JUnitReportReporter -->
<testsuite hostname="ANSHUL" failures="0" tests="1" name="Runner.RunTest" time="49.019" errors="0" timestamp="2020-10-24T06:21:38 IST" skipped="0">
  <testcase classname="Runner.RunTest" name="feature" time="49.019"/>
  <system-out/>
</testsuite> <!-- Runner.RunTest -->
